<?xml version="1.0" encoding="UTF-8"?>
<!-- Generated by org.testng.reporters.JUnitReportReporter -->
<testsuite hostname="D1111" name="tests.LoginTest" tests="1" failures="0" timestamp="17 Aug 2020 07:11:42 GMT" time="22.494" errors="0">
  <testcase name="loginWithCorrect" time="22.494" classname="tests.LoginTest"/>
</testsuite> <!-- tests.LoginTest -->
