<?xml version="1.0" encoding="UTF-8"?>
<!-- Generated by org.testng.reporters.JUnitReportReporter -->
<testsuite hostname="D1111" name="tests.LoginTest" tests="8" failures="0" timestamp="17 Aug 2020 09:35:38 GMT" time="134.878" errors="0">
  <testcase name="LoginWithEmailInvalid" time="16.270" classname="tests.LoginTest"/>
  <testcase name="LoginWithPassInCorrect" time="17.762" classname="tests.LoginTest"/>
  <testcase name="LoginWithEmailInCorrect" time="15.918" classname="tests.LoginTest"/>
  <testcase name="LoginWithPassInvalid" time="16.328" classname="tests.LoginTest"/>
  <testcase name="loginWithEmailEmpty" time="16.840" classname="tests.LoginTest"/>
  <testcase name="LoginWithBlankField" time="17.688" classname="tests.LoginTest"/>
  <testcase name="LoginWithPassEmpty" time="16.472" classname="tests.LoginTest"/>
  <testcase name="loginWithCorrect" time="17.600" classname="tests.LoginTest"/>
</testsuite> <!-- tests.LoginTest -->
