<?xml version="1.0" encoding="UTF-8"?>
<!-- Generated by org.testng.reporters.JUnitReportReporter -->
<testsuite hostname="D1111" name="pages.LoginPractice" tests="1" failures="0" timestamp="17 Aug 2020 04:20:24 GMT" time="18.431" errors="0">
  <testcase name="loginWithEmailEmpty" time="18.431" classname="pages.LoginPractice"/>
</testsuite> <!-- pages.LoginPractice -->
