<?xml version="1.0" encoding="UTF-8"?>
<!-- Generated by org.testng.reporters.JUnitReportReporter -->
<testsuite hostname="D1111" name="pages.LoginHomePage" tests="1" failures="0" timestamp="14 Aug 2020 10:17:48 GMT" time="11.740" errors="0">
  <testcase name="f" time="11.740" classname="pages.LoginHomePage"/>
</testsuite> <!-- pages.LoginHomePage -->
