<?xml version="1.0" encoding="UTF-8"?>
<!-- Generated by org.testng.reporters.JUnitReportReporter -->
<testsuite hostname="D1111" name="tests.LoginTest" tests="1" failures="0" timestamp="25 Aug 2020 07:35:26 GMT" time="16.527" errors="0">
  <testcase name="loginWithCorrect" time="16.527" classname="tests.LoginTest"/>
</testsuite> <!-- tests.LoginTest -->
